<?xml version="1.0" encoding="UTF-8"?>
<testsuite xmlns:xsi="http://www.w3.org/2001/XMLSchema-instance" xsi:noNamespaceSchemaLocation="https://maven.apache.org/surefire/maven-surefire-plugin/xsd/surefire-test-report-3.0.xsd" version="3.0" name="TestSuite" time="35.545" tests="28" errors="0" skipped="0" failures="5">
  <properties>
[...]
</properties>
  <testcase name="CheckContentEncoding" classname="com.employeeapi.testcases.Get_All_Employees" time="0.002"/>
  <testcase name="CheckContentLength" classname="com.employeeapi.testcases.Get_All_Employees" time="0.001"/>
  <testcase name="CheckContentType" classname="com.employeeapi.testcases.Get_All_Employees" time="0"/>
  <testcase name="CheckCookie" classname="com.employeeapi.testcases.Get_All_Employees" time="0.002"/>
  <testcase name="CheckResponseBody" classname="com.employeeapi.testcases.Get_All_Employees" time="0.332"/>
  <testcase name="CheckResponseTime" classname="com.employeeapi.testcases.Get_All_Employees" time="0.001">
    <failure message="expected [true] but found [false]" type="java.lang.AssertionError">java.lang.AssertionError: expected [true] but found [false]
	at com.employeeapi.testcases.Get_All_Employees.CheckResponseTime(Get_All_Employees.java:50)
</failure>
    <system-out><![CDATA[*************Check Response Time*************
Response time is 12728
Response time is greater than 2000
]]></system-out>
  </testcase>
  <testcase name="CheckServerType" classname="com.employeeapi.testcases.Get_All_Employees" time="0">
    <failure message="expected [nginx/1.14.1] but found [Apache]" type="java.lang.AssertionError">java.lang.AssertionError: expected [nginx/1.14.1] but found [Apache]
	at com.employeeapi.testcases.Get_All_Employees.CheckServerType(Get_All_Employees.java:74)
</failure>
    <system-out><![CDATA[*************Check Server Type*************
Server Type is Apache
]]></system-out>
  </testcase>
  <testcase name="CheckStatusCode" classname="com.employeeapi.testcases.Get_All_Employees" time="0"/>
  <testcase name="CheckStatusLine" classname="com.employeeapi.testcases.Get_All_Employees" time="0"/>
  <testcase name="CheckContentLength" classname="com.employeeapi.testcases.Get_Single_Employee_Record" time="0.001"/>
  <testcase name="CheckContentType" classname="com.employeeapi.testcases.Get_Single_Employee_Record" time="0.003"/>
  <testcase name="CheckResponseBody" classname="com.employeeapi.testcases.Get_Single_Employee_Record" time="0.004">
    <failure message="expected [true] but found [false]" type="java.lang.AssertionError">java.lang.AssertionError: expected [true] but found [false]
	at com.employeeapi.testcases.Get_Single_Employee_Record.CheckResponseBody(Get_Single_Employee_Record.java:26)
</failure>
    <system-out><![CDATA[*************Check Response Body*************
]]></system-out>
  </testcase>
  <testcase name="CheckResponseTime" classname="com.employeeapi.testcases.Get_Single_Employee_Record" time="0.006"/>
  <testcase name="CheckServerType" classname="com.employeeapi.testcases.Get_Single_Employee_Record" time="0.002">
    <failure message="expected [nginx/1.14.1] but found [Apache]" type="java.lang.AssertionError">java.lang.AssertionError: expected [nginx/1.14.1] but found [Apache]
	at com.employeeapi.testcases.Get_Single_Employee_Record.CheckServerType(Get_Single_Employee_Record.java:66)
</failure>
    <system-out><![CDATA[*************Check Server Type*************
]]></system-out>
  </testcase>
  <testcase name="CheckStatusCode" classname="com.employeeapi.testcases.Get_Single_Employee_Record" time="0.002"/>
  <testcase name="CheckStatusLine" classname="com.employeeapi.testcases.Get_Single_Employee_Record" time="0.001"/>
  <testcase name="CheckContentType" classname="com.employeeapi.testcases.Post_Employee_Record" time="0"/>
  <testcase name="CheckResponseBody" classname="com.employeeapi.testcases.Post_Employee_Record" time="0.005">
    <failure message="expected [true] but found [false]" type="java.lang.AssertionError">java.lang.AssertionError: expected [true] but found [false]
	at com.employeeapi.testcases.Post_Employee_Record.CheckResponseBody(Post_Employee_Record.java:41)
</failure>
    <system-out><![CDATA[Response body is {"error":{"text":SQLSTATE[23000]: Integrity constraint violation: 1062 Duplicate entry 'Megastaru' for key 'employee_name_unique'}}
]]></system-out>
  </testcase>
  <testcase name="CheckStatusCode" classname="com.employeeapi.testcases.Post_Employee_Record" time="0.003"/>
  <testcase name="CheckStatusLine" classname="com.employeeapi.testcases.Post_Employee_Record" time="0.001"/>
  <testcase name="CheckContentType" classname="com.employeeapi.testcases.Put_Employee_Record" time="0.001"/>
  <testcase name="CheckResponseBody" classname="com.employeeapi.testcases.Put_Employee_Record" time="0.003"/>
  <testcase name="CheckStatusCode" classname="com.employeeapi.testcases.Put_Employee_Record" time="0"/>
  <testcase name="CheckStatusLine" classname="com.employeeapi.testcases.Put_Employee_Record" time="0"/>
  <testcase name="CheckContentType" classname="com.employeeapi.testcases.Delete_Employee_Record" time="0.001"/>
  <testcase name="CheckResponseBody" classname="com.employeeapi.testcases.Delete_Employee_Record" time="0.001"/>
  <testcase name="CheckStatusCode" classname="com.employeeapi.testcases.Delete_Employee_Record" time="0"/>
  <testcase name="CheckStatusLine" classname="com.employeeapi.testcases.Delete_Employee_Record" time="0"/>
</testsuite>